<?xml version="1.0" encoding="UTF-8"?>
<testsuite name="ch.zhaw.pm2.racetrack.PositionVectorTest" tests="2" skipped="0" failures="0" errors="0" timestamp="2022-03-25T18:40:31" hostname="THOFUS" time="0.002">
  <properties/>
  <testcase name="testEquals()" classname="ch.zhaw.pm2.racetrack.PositionVectorTest" time="0.001"/>
  <testcase name="testEqualsWithHashMap()" classname="ch.zhaw.pm2.racetrack.PositionVectorTest" time="0.001"/>
  <system-out><![CDATA[]]></system-out>
  <system-err><![CDATA[]]></system-err>
</testsuite>
