<?xml version="1.0" encoding="UTF-8"?>
<testsuite name="ch.zhaw.pm2.racetrack.BresenhamTest" tests="3" skipped="0" failures="0" errors="0" timestamp="2022-03-25T18:40:31" hostname="THOFUS" time="0.082">
  <properties/>
  <testcase name="testCalculatePathDiagonal()" classname="ch.zhaw.pm2.racetrack.BresenhamTest" time="0.07"/>
  <testcase name="calculatePathOnlyYDirection()" classname="ch.zhaw.pm2.racetrack.BresenhamTest" time="0.002"/>
  <testcase name="calculatePathOnlyXDirection()" classname="ch.zhaw.pm2.racetrack.BresenhamTest" time="0.002"/>
  <system-out><![CDATA[]]></system-out>
  <system-err><![CDATA[]]></system-err>
</testsuite>
