<?xml version="1.0" encoding="UTF-8"?>
<testsuite name="ch.zhaw.pm2.checkit.BookingManagerTest" tests="4" skipped="0" failures="0" errors="0" timestamp="2022-05-13T20:07:43" hostname="THOFUS" time="1.464">
  <properties/>
  <testcase name="checkOutTest()" classname="ch.zhaw.pm2.checkit.BookingManagerTest" time="1.436"/>
  <testcase name="getAvailableTimeSlotsTest()" classname="ch.zhaw.pm2.checkit.BookingManagerTest" time="0.018"/>
  <testcase name="checkInTest()" classname="ch.zhaw.pm2.checkit.BookingManagerTest" time="0.003"/>
  <testcase name="safeBookingTest()" classname="ch.zhaw.pm2.checkit.BookingManagerTest" time="0.003"/>
  <system-out><![CDATA[]]></system-out>
  <system-err><![CDATA[]]></system-err>
</testsuite>
